2025-04-09 15:11:39,404 - INFO - Starting web application
2025-04-09 15:11:39,553 - WARNING -  * Debugger is active!
2025-04-09 15:11:39,750 - INFO -  * Debugger PIN: 962-905-612
2025-04-09 15:11:50,349 - INFO - 127.0.0.1 - - [09/Apr/2025 15:11:50] "GET / HTTP/1.1" 200 -
2025-04-09 15:11:53,368 - INFO - 127.0.0.1 - - [09/Apr/2025 15:11:53] "[33mGET /favicon.ico HTTP/1.1[0m" 404 -
2025-04-09 15:12:24,397 - INFO - Processing report for Router, Internal Network
2025-04-09 15:12:24,400 - INFO - File uploaded: Router_Scan_elt4s6.csv
2025-04-09 15:12:24,424 - INFO - Validating CSV columns
2025-04-09 15:12:24,424 - INFO - All required columns found in CSV
2025-04-09 15:12:27,467 - INFO - Cover page generated successfully
2025-04-09 15:12:27,514 - INFO - Starting document creation process
2025-04-09 15:12:27,659 - INFO - Created new document
2025-04-09 15:12:27,659 - INFO - Setting document font to Helvetica, size 10.5
2025-04-09 15:12:27,663 - INFO - Document font set successfully
2025-04-09 15:12:27,663 - INFO - Using CSV file: dataset.csv
2025-04-09 15:12:27,664 - INFO - Successfully opened CSV file
2025-04-09 15:12:27,664 - INFO - CSV header read successfully with 8 columns
2025-04-09 15:12:27,689 - INFO - Validating CSV columns
2025-04-09 15:12:27,749 - INFO - All required columns found in CSV
2025-04-09 15:12:27,819 - INFO - Processing row 1
2025-04-09 15:12:27,936 - INFO - Successfully processed vulnerability: SSL Certificate Signed Using Weak Hashing Algorithm
2025-04-09 15:12:27,966 - INFO - Processing row 2
2025-04-09 15:12:28,006 - INFO - Successfully processed vulnerability: SSL Certificate Signed Using Weak Hashing Algorithm
2025-04-09 15:12:28,059 - INFO - Processing row 3
2025-04-09 15:12:28,107 - INFO - Successfully processed vulnerability: SSL Medium Strength Cipher Suites Supported (SWEET32)
2025-04-09 15:12:28,150 - INFO - Processing row 4
2025-04-09 15:12:28,184 - INFO - Successfully processed vulnerability: SSL RC4 Cipher Suites Supported (Bar Mitzvah)
2025-04-09 15:12:28,219 - INFO - Processing row 5
2025-04-09 15:12:28,255 - INFO - Successfully processed vulnerability: SSL RC4 Cipher Suites Supported (Bar Mitzvah)
2025-04-09 15:12:28,266 - INFO - Processing row 6
2025-04-09 15:12:28,305 - INFO - Successfully processed vulnerability: SSL Certificate Cannot Be Trusted
2025-04-09 15:12:28,364 - INFO - Processing row 7
2025-04-09 15:12:28,405 - INFO - Successfully processed vulnerability: SSL Self-Signed Certificate
2025-04-09 15:12:28,434 - INFO - Processing row 8
2025-04-09 15:12:28,459 - INFO - Successfully processed vulnerability: TLS Version 1.0 Protocol Detection
2025-04-09 15:12:28,495 - INFO - Processing row 9
2025-04-09 15:12:28,532 - INFO - Successfully processed vulnerability: Network Time Protocol (NTP) Mode 6 Scanner
2025-04-09 15:12:28,582 - INFO - Processing row 10
2025-04-09 15:12:28,629 - INFO - Successfully processed vulnerability: Network Time Protocol (NTP) Mode 6 Scanner
2025-04-09 15:12:28,653 - INFO - Processing row 11
2025-04-09 15:12:28,671 - INFO - Successfully processed vulnerability: Network Time Protocol (NTP) Mode 6 Scanner
2025-04-09 15:12:28,739 - INFO - Processing row 12
2025-04-09 15:12:28,770 - INFO - Successfully processed vulnerability: Network Time Protocol (NTP) Mode 6 Scanner
2025-04-09 15:12:28,858 - INFO - Processing row 13
2025-04-09 15:12:28,929 - INFO - Successfully processed vulnerability: Network Time Protocol (NTP) Mode 6 Scanner
2025-04-09 15:12:28,951 - INFO - Processing row 14
2025-04-09 15:12:29,000 - INFO - Successfully processed vulnerability: Network Time Protocol (NTP) Mode 6 Scanner
2025-04-09 15:12:29,034 - INFO - Processing row 15
2025-04-09 15:12:29,070 - INFO - Successfully processed vulnerability: Network Time Protocol (NTP) Mode 6 Scanner
2025-04-09 15:12:29,076 - INFO - Processing row 16
2025-04-09 15:12:29,109 - INFO - Successfully processed vulnerability: Network Time Protocol (NTP) Mode 6 Scanner
2025-04-09 15:12:29,123 - INFO - Processing row 17
2025-04-09 15:12:29,150 - INFO - Successfully processed vulnerability: SSL Weak Cipher Suites Supported
2025-04-09 15:12:29,181 - INFO - Processing row 18
2025-04-09 15:12:29,201 - INFO - Successfully processed vulnerability: SSH Weak Key Exchange Algorithms Enabled
2025-04-09 15:12:29,216 - INFO - Processing row 19
2025-04-09 15:12:29,264 - INFO - Successfully processed vulnerability: SSH Weak Key Exchange Algorithms Enabled
2025-04-09 15:12:29,319 - INFO - Processing row 20
2025-04-09 15:12:29,387 - INFO - Successfully processed vulnerability: SSH Weak Key Exchange Algorithms Enabled
2025-04-09 15:12:29,426 - INFO - Processing row 21
2025-04-09 15:12:29,472 - INFO - Successfully processed vulnerability: SSH Weak Key Exchange Algorithms Enabled
2025-04-09 15:12:29,502 - INFO - Processing row 22
2025-04-09 15:12:29,546 - INFO - Successfully processed vulnerability: SSH Weak Key Exchange Algorithms Enabled
2025-04-09 15:12:29,575 - INFO - Processing row 23
2025-04-09 15:12:29,626 - INFO - Successfully processed vulnerability: SSH Weak Key Exchange Algorithms Enabled
2025-04-09 15:12:29,650 - INFO - Processing row 24
2025-04-09 15:12:29,703 - INFO - Successfully processed vulnerability: SSH Server CBC Mode Ciphers Enabled
2025-04-09 15:12:29,762 - INFO - Processing row 25
2025-04-09 15:12:29,791 - INFO - Successfully processed vulnerability: SSH Weak Key Exchange Algorithms Enabled
2025-04-09 15:12:29,808 - INFO - Processing row 26
2025-04-09 15:12:29,841 - INFO - Successfully processed vulnerability: SSH Weak Key Exchange Algorithms Enabled
2025-04-09 15:12:29,876 - INFO - Processing row 27
2025-04-09 15:12:29,926 - INFO - Successfully processed vulnerability: SSH Weak Key Exchange Algorithms Enabled
2025-04-09 15:12:29,972 - INFO - Processing row 28
2025-04-09 15:12:30,007 - ERROR - Invalid CVSS score: 
2025-04-09 15:12:30,040 - INFO - Successfully processed vulnerability: ICMP Timestamp Request Remote Date Disclosure
2025-04-09 15:12:30,051 - INFO - Processing row 29
2025-04-09 15:12:30,063 - ERROR - Invalid CVSS score: 
2025-04-09 15:12:30,117 - INFO - Successfully processed vulnerability: 
2025-04-09 15:12:30,154 - INFO - Processing row 30
2025-04-09 15:12:30,289 - ERROR - Invalid CVSS score: 
2025-04-09 15:12:30,403 - INFO - Successfully processed vulnerability: 
2025-04-09 15:12:30,473 - INFO - Processing row 31
2025-04-09 15:12:30,531 - ERROR - Invalid CVSS score: 
2025-04-09 15:12:30,567 - INFO - Successfully processed vulnerability: 
2025-04-09 15:12:30,598 - INFO - Processing row 32
2025-04-09 15:12:30,658 - ERROR - Invalid CVSS score: 
2025-04-09 15:12:30,704 - INFO - Successfully processed vulnerability: 
2025-04-09 15:12:30,780 - INFO - Processing row 33
2025-04-09 15:12:30,912 - ERROR - Invalid CVSS score: 
2025-04-09 15:12:30,981 - INFO - Successfully processed vulnerability: 
2025-04-09 15:12:31,222 - INFO - Processing row 34
2025-04-09 15:12:31,321 - ERROR - Invalid CVSS score: 
2025-04-09 15:12:31,406 - INFO - Successfully processed vulnerability: 
2025-04-09 15:12:31,492 - INFO - Processing row 35
2025-04-09 15:12:31,619 - ERROR - Invalid CVSS score: 
2025-04-09 15:12:31,713 - INFO - Successfully processed vulnerability: 
2025-04-09 15:12:31,817 - INFO - Processing row 36
2025-04-09 15:12:31,818 - ERROR - Invalid CVSS score: 
2025-04-09 15:12:31,818 - INFO - Successfully processed vulnerability: 
2025-04-09 15:12:31,818 - INFO - Processing row 37
2025-04-09 15:12:31,819 - ERROR - Invalid CVSS score: 
2025-04-09 15:12:31,819 - INFO - Successfully processed vulnerability: 
2025-04-09 15:12:31,819 - INFO - Processing row 38
2025-04-09 15:12:31,820 - ERROR - Invalid CVSS score: 
2025-04-09 15:12:31,821 - INFO - Successfully processed vulnerability: 
2025-04-09 15:12:31,822 - INFO - Processing row 39
2025-04-09 15:12:31,823 - ERROR - Invalid CVSS score: 
2025-04-09 15:12:31,823 - INFO - Successfully processed vulnerability: 
2025-04-09 15:12:31,824 - INFO - Processing row 40
2025-04-09 15:12:31,824 - ERROR - Invalid CVSS score: 
2025-04-09 15:12:31,940 - INFO - Successfully processed vulnerability: 
2025-04-09 15:12:31,957 - INFO - Processing row 41
2025-04-09 15:12:31,972 - ERROR - Invalid CVSS score: 
2025-04-09 15:12:31,982 - INFO - Successfully processed vulnerability: 
2025-04-09 15:12:31,984 - INFO - Processing row 42
2025-04-09 15:12:31,985 - ERROR - Invalid CVSS score: 
2025-04-09 15:12:31,987 - INFO - Successfully processed vulnerability: 
2025-04-09 15:12:31,987 - INFO - Processing row 43
2025-04-09 15:12:31,988 - ERROR - Invalid CVSS score: 
2025-04-09 15:12:31,989 - INFO - Successfully processed vulnerability: 
2025-04-09 15:12:31,990 - INFO - Processing row 44
2025-04-09 15:12:31,990 - ERROR - Invalid CVSS score: 
2025-04-09 15:12:31,991 - INFO - Successfully processed vulnerability: 
2025-04-09 15:12:31,991 - INFO - Processing row 45
2025-04-09 15:12:31,991 - ERROR - Invalid CVSS score: 
2025-04-09 15:12:31,992 - INFO - Successfully processed vulnerability: 
2025-04-09 15:12:31,993 - INFO - Processing row 46
2025-04-09 15:12:31,993 - ERROR - Invalid CVSS score: 
2025-04-09 15:12:31,993 - INFO - Successfully processed vulnerability: 
2025-04-09 15:12:31,998 - INFO - Processing row 47
2025-04-09 15:12:31,999 - ERROR - Invalid CVSS score: 
2025-04-09 15:12:32,000 - INFO - Successfully processed vulnerability: 
2025-04-09 15:12:32,001 - INFO - Processing row 48
2025-04-09 15:12:32,001 - ERROR - Invalid CVSS score: 
2025-04-09 15:12:32,002 - INFO - Successfully processed vulnerability: 
2025-04-09 15:12:32,002 - INFO - Processing row 49
2025-04-09 15:12:32,003 - ERROR - Invalid CVSS score: 
2025-04-09 15:12:32,004 - INFO - Successfully processed vulnerability: 
2025-04-09 15:12:32,005 - INFO - Processing row 50
2025-04-09 15:12:32,006 - ERROR - Invalid CVSS score: 
2025-04-09 15:12:32,006 - INFO - Successfully processed vulnerability: 
2025-04-09 15:12:32,007 - INFO - Processing row 51
2025-04-09 15:12:32,007 - ERROR - Invalid CVSS score: 
2025-04-09 15:12:32,007 - INFO - Successfully processed vulnerability: 
2025-04-09 15:12:32,007 - INFO - Processing row 52
2025-04-09 15:12:32,007 - ERROR - Invalid CVSS score: 
2025-04-09 15:12:32,008 - INFO - Successfully processed vulnerability: 
2025-04-09 15:12:32,008 - INFO - Processing row 53
2025-04-09 15:12:32,008 - ERROR - Invalid CVSS score: 
2025-04-09 15:12:32,008 - INFO - Successfully processed vulnerability: 
2025-04-09 15:12:32,009 - INFO - Processing row 54
2025-04-09 15:12:32,009 - ERROR - Invalid CVSS score: 
2025-04-09 15:12:32,009 - INFO - Successfully processed vulnerability: 
2025-04-09 15:12:32,009 - INFO - Processing row 55
2025-04-09 15:12:32,010 - ERROR - Invalid CVSS score: 
2025-04-09 15:12:32,010 - INFO - Successfully processed vulnerability: 
2025-04-09 15:12:32,010 - INFO - Processing row 56
2025-04-09 15:12:32,012 - ERROR - Invalid CVSS score: 
2025-04-09 15:12:32,013 - INFO - Successfully processed vulnerability: 
2025-04-09 15:12:32,013 - INFO - Processing row 57
2025-04-09 15:12:32,013 - ERROR - Invalid CVSS score: 
2025-04-09 15:12:32,013 - INFO - Successfully processed vulnerability: 
2025-04-09 15:12:32,014 - INFO - Processing row 58
2025-04-09 15:12:32,014 - ERROR - Invalid CVSS score: 
2025-04-09 15:12:32,014 - INFO - Successfully processed vulnerability: 
2025-04-09 15:12:32,014 - INFO - Processing row 59
2025-04-09 15:12:32,015 - ERROR - Invalid CVSS score: 
2025-04-09 15:12:32,015 - INFO - Successfully processed vulnerability: 
2025-04-09 15:12:32,015 - INFO - Processing row 60
2025-04-09 15:12:32,015 - ERROR - Invalid CVSS score: 
2025-04-09 15:12:32,015 - INFO - Successfully processed vulnerability: 
2025-04-09 15:12:32,016 - INFO - Processing row 61
2025-04-09 15:12:32,016 - ERROR - Invalid CVSS score: 
2025-04-09 15:12:32,016 - INFO - Successfully processed vulnerability: 
2025-04-09 15:12:32,016 - INFO - Processing row 62
2025-04-09 15:12:32,016 - ERROR - Invalid CVSS score: 
2025-04-09 15:12:32,017 - INFO - Successfully processed vulnerability: 
2025-04-09 15:12:32,017 - INFO - Processing row 63
2025-04-09 15:12:32,017 - ERROR - Invalid CVSS score: 
2025-04-09 15:12:32,017 - INFO - Successfully processed vulnerability: 
2025-04-09 15:12:32,018 - INFO - Processing row 64
2025-04-09 15:12:32,018 - ERROR - Invalid CVSS score: 
2025-04-09 15:12:32,018 - INFO - Successfully processed vulnerability: 
2025-04-09 15:12:32,018 - INFO - Processing row 65
2025-04-09 15:12:32,018 - ERROR - Invalid CVSS score: 
2025-04-09 15:12:32,018 - INFO - Successfully processed vulnerability: 
2025-04-09 15:12:32,019 - INFO - Processing row 66
2025-04-09 15:12:32,019 - ERROR - Invalid CVSS score: 
2025-04-09 15:12:32,019 - INFO - Successfully processed vulnerability: 
2025-04-09 15:12:32,019 - INFO - Processing row 67
2025-04-09 15:12:32,019 - ERROR - Invalid CVSS score: 
2025-04-09 15:12:32,020 - INFO - Successfully processed vulnerability: 
2025-04-09 15:12:32,020 - INFO - Processing row 68
2025-04-09 15:12:32,020 - ERROR - Invalid CVSS score: 
2025-04-09 15:12:32,021 - INFO - Successfully processed vulnerability: 
2025-04-09 15:12:32,021 - INFO - Processing row 69
2025-04-09 15:12:32,021 - ERROR - Invalid CVSS score: 
2025-04-09 15:12:32,021 - INFO - Successfully processed vulnerability: 
2025-04-09 15:12:32,022 - INFO - Processing row 70
2025-04-09 15:12:32,022 - ERROR - Invalid CVSS score: 
2025-04-09 15:12:32,022 - INFO - Successfully processed vulnerability: 
2025-04-09 15:12:32,022 - INFO - Processing row 71
2025-04-09 15:12:32,023 - ERROR - Invalid CVSS score: 
2025-04-09 15:12:32,023 - INFO - Successfully processed vulnerability: 
2025-04-09 15:12:32,023 - INFO - Processing row 72
2025-04-09 15:12:32,024 - ERROR - Invalid CVSS score: 
2025-04-09 15:12:32,024 - INFO - Successfully processed vulnerability: 
2025-04-09 15:12:32,025 - INFO - Processing row 73
2025-04-09 15:12:32,025 - ERROR - Invalid CVSS score: 
2025-04-09 15:12:32,025 - INFO - Successfully processed vulnerability: 
2025-04-09 15:12:32,025 - INFO - Processing row 74
2025-04-09 15:12:32,026 - ERROR - Invalid CVSS score: 
2025-04-09 15:12:32,026 - INFO - Successfully processed vulnerability: 
2025-04-09 15:12:32,026 - INFO - Processing row 75
2025-04-09 15:12:32,026 - ERROR - Invalid CVSS score: 
2025-04-09 15:12:32,027 - INFO - Successfully processed vulnerability: 
2025-04-09 15:12:32,027 - INFO - Processing row 76
2025-04-09 15:12:32,028 - ERROR - Invalid CVSS score: 
2025-04-09 15:12:32,028 - INFO - Successfully processed vulnerability: 
2025-04-09 15:12:32,028 - INFO - Processing row 77
2025-04-09 15:12:32,029 - ERROR - Invalid CVSS score: 
2025-04-09 15:12:32,029 - INFO - Successfully processed vulnerability: 
2025-04-09 15:12:32,029 - INFO - Processing row 78
2025-04-09 15:12:32,029 - ERROR - Invalid CVSS score: 
2025-04-09 15:12:32,030 - INFO - Successfully processed vulnerability: 
2025-04-09 15:12:32,030 - INFO - Processing row 79
2025-04-09 15:12:32,030 - ERROR - Invalid CVSS score: 
2025-04-09 15:12:32,030 - INFO - Successfully processed vulnerability: 
2025-04-09 15:12:32,030 - INFO - Processing row 80
2025-04-09 15:12:32,031 - ERROR - Invalid CVSS score: 
2025-04-09 15:12:32,031 - INFO - Successfully processed vulnerability: 
2025-04-09 15:12:32,031 - INFO - Processing row 81
2025-04-09 15:12:32,031 - ERROR - Invalid CVSS score: 
2025-04-09 15:12:32,032 - INFO - Successfully processed vulnerability: 
2025-04-09 15:12:32,032 - INFO - Processing row 82
2025-04-09 15:12:32,032 - ERROR - Invalid CVSS score: 
2025-04-09 15:12:32,032 - INFO - Successfully processed vulnerability: 
2025-04-09 15:12:32,033 - INFO - Processing row 83
2025-04-09 15:12:32,033 - ERROR - Invalid CVSS score: 
2025-04-09 15:12:32,033 - INFO - Successfully processed vulnerability: 
2025-04-09 15:12:32,033 - INFO - Processing row 84
2025-04-09 15:12:32,033 - ERROR - Invalid CVSS score: 
2025-04-09 15:12:32,034 - INFO - Successfully processed vulnerability: 
2025-04-09 15:12:32,034 - INFO - Processing row 85
2025-04-09 15:12:32,034 - ERROR - Invalid CVSS score: 
2025-04-09 15:12:32,034 - INFO - Successfully processed vulnerability: 
2025-04-09 15:12:32,035 - INFO - Processing row 86
2025-04-09 15:12:32,035 - ERROR - Invalid CVSS score: 
2025-04-09 15:12:32,036 - INFO - Successfully processed vulnerability: 
2025-04-09 15:12:32,036 - INFO - Processing row 87
2025-04-09 15:12:32,036 - ERROR - Invalid CVSS score: 
2025-04-09 15:12:32,036 - INFO - Successfully processed vulnerability: 
2025-04-09 15:12:32,037 - INFO - Processing row 88
2025-04-09 15:12:32,037 - ERROR - Invalid CVSS score: 
2025-04-09 15:12:32,037 - INFO - Successfully processed vulnerability: 
2025-04-09 15:12:32,037 - INFO - Processing row 89
2025-04-09 15:12:32,037 - ERROR - Invalid CVSS score: 
2025-04-09 15:12:32,037 - INFO - Successfully processed vulnerability: 
2025-04-09 15:12:32,038 - INFO - Processing row 90
2025-04-09 15:12:32,038 - ERROR - Invalid CVSS score: 
2025-04-09 15:12:32,038 - INFO - Successfully processed vulnerability: 
2025-04-09 15:12:32,038 - INFO - Processing row 91
2025-04-09 15:12:32,039 - ERROR - Invalid CVSS score: 
2025-04-09 15:12:32,039 - INFO - Successfully processed vulnerability: 
2025-04-09 15:12:32,039 - INFO - Processing row 92
2025-04-09 15:12:32,039 - ERROR - Invalid CVSS score: 
2025-04-09 15:12:32,039 - INFO - Successfully processed vulnerability: 
2025-04-09 15:12:32,040 - INFO - Processing row 93
2025-04-09 15:12:32,040 - ERROR - Invalid CVSS score: 
2025-04-09 15:12:32,040 - INFO - Successfully processed vulnerability: 
2025-04-09 15:12:32,040 - INFO - Processing row 94
2025-04-09 15:12:32,041 - ERROR - Invalid CVSS score: 
2025-04-09 15:12:32,041 - INFO - Successfully processed vulnerability: 
2025-04-09 15:12:32,041 - INFO - Processing row 95
2025-04-09 15:12:32,041 - ERROR - Invalid CVSS score: 
2025-04-09 15:12:32,041 - INFO - Successfully processed vulnerability: 
2025-04-09 15:12:32,042 - INFO - Processing row 96
2025-04-09 15:12:32,042 - ERROR - Invalid CVSS score: 
2025-04-09 15:12:32,042 - INFO - Successfully processed vulnerability: 
2025-04-09 15:12:32,042 - INFO - Processing row 97
2025-04-09 15:12:32,042 - ERROR - Invalid CVSS score: 
2025-04-09 15:12:32,043 - INFO - Successfully processed vulnerability: 
2025-04-09 15:12:32,043 - INFO - Processing row 98
2025-04-09 15:12:32,043 - ERROR - Invalid CVSS score: 
2025-04-09 15:12:32,043 - INFO - Successfully processed vulnerability: 
2025-04-09 15:12:32,043 - INFO - Processing row 99
2025-04-09 15:12:32,044 - ERROR - Invalid CVSS score: 
2025-04-09 15:12:32,044 - INFO - Successfully processed vulnerability: 
2025-04-09 15:12:32,044 - INFO - Processing row 100
2025-04-09 15:12:32,045 - ERROR - Invalid CVSS score: 
2025-04-09 15:12:32,045 - INFO - Successfully processed vulnerability: 
2025-04-09 15:12:32,045 - INFO - Processing row 101
2025-04-09 15:12:32,045 - ERROR - Invalid CVSS score: 
2025-04-09 15:12:32,046 - INFO - Successfully processed vulnerability: 
2025-04-09 15:12:32,046 - INFO - Processing row 102
2025-04-09 15:12:32,047 - ERROR - Invalid CVSS score: 
2025-04-09 15:12:32,047 - INFO - Successfully processed vulnerability: 
2025-04-09 15:12:32,047 - INFO - Processing row 103
2025-04-09 15:12:32,047 - ERROR - Invalid CVSS score: 
2025-04-09 15:12:32,048 - INFO - Successfully processed vulnerability: 
2025-04-09 15:12:32,048 - INFO - Processing row 104
2025-04-09 15:12:32,048 - ERROR - Invalid CVSS score: 
2025-04-09 15:12:32,048 - INFO - Successfully processed vulnerability: 
2025-04-09 15:12:32,049 - INFO - Processing row 105
2025-04-09 15:12:32,049 - ERROR - Invalid CVSS score: 
2025-04-09 15:12:32,049 - INFO - Successfully processed vulnerability: 
2025-04-09 15:12:32,049 - INFO - Processing row 106
2025-04-09 15:12:32,050 - ERROR - Invalid CVSS score: 
2025-04-09 15:12:32,050 - INFO - Successfully processed vulnerability: 
2025-04-09 15:12:32,050 - INFO - Processing row 107
2025-04-09 15:12:32,050 - ERROR - Invalid CVSS score: 
2025-04-09 15:12:32,050 - INFO - Successfully processed vulnerability: 
2025-04-09 15:12:32,051 - INFO - Processing row 108
2025-04-09 15:12:32,051 - ERROR - Invalid CVSS score: 
2025-04-09 15:12:32,051 - INFO - Successfully processed vulnerability: 
2025-04-09 15:12:32,051 - INFO - Processing row 109
2025-04-09 15:12:32,052 - ERROR - Invalid CVSS score: 
2025-04-09 15:12:32,052 - INFO - Successfully processed vulnerability: 
2025-04-09 15:12:32,052 - INFO - Processing row 110
2025-04-09 15:12:32,052 - ERROR - Invalid CVSS score: 
2025-04-09 15:12:32,053 - INFO - Successfully processed vulnerability: 
2025-04-09 15:12:32,053 - INFO - Processing row 111
2025-04-09 15:12:32,053 - ERROR - Invalid CVSS score: 
2025-04-09 15:12:32,054 - INFO - Successfully processed vulnerability: 
2025-04-09 15:12:32,054 - INFO - Processing row 112
2025-04-09 15:12:32,054 - ERROR - Invalid CVSS score: 
2025-04-09 15:12:32,055 - INFO - Successfully processed vulnerability: 
2025-04-09 15:12:32,055 - INFO - Processing row 113
2025-04-09 15:12:32,055 - ERROR - Invalid CVSS score: 
2025-04-09 15:12:32,056 - INFO - Successfully processed vulnerability: 
2025-04-09 15:12:32,056 - INFO - Processing row 114
2025-04-09 15:12:32,056 - ERROR - Invalid CVSS score: 
2025-04-09 15:12:32,056 - INFO - Successfully processed vulnerability: 
2025-04-09 15:12:32,057 - INFO - Processing row 115
2025-04-09 15:12:32,057 - ERROR - Invalid CVSS score: 
2025-04-09 15:12:32,057 - INFO - Successfully processed vulnerability: 
2025-04-09 15:12:32,057 - INFO - Processing row 116
2025-04-09 15:12:32,057 - ERROR - Invalid CVSS score: 
2025-04-09 15:12:32,058 - INFO - Successfully processed vulnerability: 
2025-04-09 15:12:32,058 - INFO - Processing row 117
2025-04-09 15:12:32,058 - ERROR - Invalid CVSS score: 
2025-04-09 15:12:32,059 - INFO - Successfully processed vulnerability: 
2025-04-09 15:12:32,059 - INFO - Processing row 118
2025-04-09 15:12:32,059 - ERROR - Invalid CVSS score: 
2025-04-09 15:12:32,059 - INFO - Successfully processed vulnerability: 
2025-04-09 15:12:32,060 - INFO - Processing row 119
2025-04-09 15:12:32,141 - ERROR - Invalid CVSS score: 
2025-04-09 15:12:32,292 - INFO - Successfully processed vulnerability: 
2025-04-09 15:12:32,417 - INFO - Processing row 120
2025-04-09 15:12:32,577 - ERROR - Invalid CVSS score: 
2025-04-09 15:12:32,578 - INFO - Successfully processed vulnerability: 
2025-04-09 15:12:32,578 - INFO - Processing row 121
2025-04-09 15:12:32,579 - ERROR - Invalid CVSS score: 
2025-04-09 15:12:32,579 - INFO - Successfully processed vulnerability: 
2025-04-09 15:12:32,579 - INFO - Processing row 122
2025-04-09 15:12:32,580 - ERROR - Invalid CVSS score: 
2025-04-09 15:12:32,580 - INFO - Successfully processed vulnerability: 
2025-04-09 15:12:32,580 - INFO - Processing row 123
2025-04-09 15:12:32,580 - ERROR - Invalid CVSS score: 
2025-04-09 15:12:32,691 - INFO - Successfully processed vulnerability: 
2025-04-09 15:12:32,743 - INFO - Processing row 124
2025-04-09 15:12:32,749 - ERROR - Invalid CVSS score: 
2025-04-09 15:12:32,816 - INFO - Successfully processed vulnerability: 
2025-04-09 15:12:32,817 - INFO - Processing row 125
2025-04-09 15:12:32,818 - ERROR - Invalid CVSS score: 
2025-04-09 15:12:32,958 - INFO - Successfully processed vulnerability: 
2025-04-09 15:12:32,959 - INFO - Processing row 126
2025-04-09 15:12:33,089 - ERROR - Invalid CVSS score: 
2025-04-09 15:12:33,168 - INFO - Successfully processed vulnerability: 
2025-04-09 15:12:33,225 - INFO - Processing row 127
2025-04-09 15:12:33,301 - ERROR - Invalid CVSS score: 
2025-04-09 15:12:33,339 - INFO - Successfully processed vulnerability: 
2025-04-09 15:12:33,376 - INFO - Processing row 128
2025-04-09 15:12:33,384 - ERROR - Invalid CVSS score: 
2025-04-09 15:12:33,386 - INFO - Successfully processed vulnerability: 
2025-04-09 15:12:33,390 - INFO - Processing row 129
2025-04-09 15:12:33,392 - ERROR - Invalid CVSS score: 
2025-04-09 15:12:33,451 - INFO - Successfully processed vulnerability: 
2025-04-09 15:12:33,486 - INFO - Processing row 130
2025-04-09 15:12:33,487 - ERROR - Invalid CVSS score: 
2025-04-09 15:12:33,488 - INFO - Successfully processed vulnerability: 
2025-04-09 15:12:33,523 - INFO - Processing row 131
2025-04-09 15:12:33,525 - ERROR - Invalid CVSS score: 
2025-04-09 15:12:33,570 - INFO - Successfully processed vulnerability: 
2025-04-09 15:12:33,624 - INFO - Processing row 132
2025-04-09 15:12:33,653 - ERROR - Invalid CVSS score: 
2025-04-09 15:12:33,699 - INFO - Successfully processed vulnerability: 
2025-04-09 15:12:33,741 - INFO - Processing row 133
2025-04-09 15:12:33,786 - ERROR - Invalid CVSS score: 
2025-04-09 15:12:33,849 - INFO - Successfully processed vulnerability: 
2025-04-09 15:12:33,886 - INFO - Processing row 134
2025-04-09 15:12:33,934 - ERROR - Invalid CVSS score: 
2025-04-09 15:12:33,972 - INFO - Successfully processed vulnerability: 
2025-04-09 15:12:33,993 - INFO - Processing row 135
2025-04-09 15:12:33,999 - ERROR - Invalid CVSS score: 
2025-04-09 15:12:34,035 - INFO - Successfully processed vulnerability: 
2025-04-09 15:12:34,056 - INFO - Processing row 136
2025-04-09 15:12:34,086 - ERROR - Invalid CVSS score: 
2025-04-09 15:12:34,122 - INFO - Successfully processed vulnerability: 
2025-04-09 15:12:34,138 - INFO - Processing row 137
2025-04-09 15:12:34,140 - ERROR - Invalid CVSS score: 
2025-04-09 15:12:34,142 - INFO - Successfully processed vulnerability: 
2025-04-09 15:12:34,184 - INFO - Processing row 138
2025-04-09 15:12:34,184 - ERROR - Invalid CVSS score: 
2025-04-09 15:12:34,187 - INFO - Successfully processed vulnerability: 
2025-04-09 15:12:34,192 - INFO - Processing row 139
2025-04-09 15:12:34,221 - ERROR - Invalid CVSS score: 
2025-04-09 15:12:34,257 - INFO - Successfully processed vulnerability: 
2025-04-09 15:12:34,353 - INFO - Processing row 140
2025-04-09 15:12:34,432 - ERROR - Invalid CVSS score: 
2025-04-09 15:12:34,455 - INFO - Successfully processed vulnerability: 
2025-04-09 15:12:34,491 - INFO - Processing row 141
2025-04-09 15:12:34,573 - ERROR - Invalid CVSS score: 
2025-04-09 15:12:34,651 - INFO - Successfully processed vulnerability: 
2025-04-09 15:12:34,702 - INFO - Processing row 142
2025-04-09 15:12:34,787 - ERROR - Invalid CVSS score: 
2025-04-09 15:12:34,838 - INFO - Successfully processed vulnerability: 
2025-04-09 15:12:34,918 - INFO - Processing row 143
2025-04-09 15:12:34,952 - ERROR - Invalid CVSS score: 
2025-04-09 15:12:34,990 - INFO - Successfully processed vulnerability: 
2025-04-09 15:12:35,024 - INFO - Processing row 144
2025-04-09 15:12:35,103 - ERROR - Invalid CVSS score: 
2025-04-09 15:12:35,166 - INFO - Successfully processed vulnerability: 
2025-04-09 15:12:35,205 - INFO - Processing row 145
2025-04-09 15:12:35,244 - ERROR - Invalid CVSS score: 
2025-04-09 15:12:35,274 - INFO - Successfully processed vulnerability: 
2025-04-09 15:12:35,326 - INFO - Processing row 146
2025-04-09 15:12:35,371 - ERROR - Invalid CVSS score: 
2025-04-09 15:12:35,423 - INFO - Successfully processed vulnerability: 
2025-04-09 15:12:35,488 - INFO - Processing row 147
2025-04-09 15:12:35,574 - ERROR - Invalid CVSS score: 
2025-04-09 15:12:35,621 - INFO - Successfully processed vulnerability: 
2025-04-09 15:12:35,720 - INFO - Processing row 148
2025-04-09 15:12:35,795 - ERROR - Invalid CVSS score: 
2025-04-09 15:12:35,919 - INFO - Successfully processed vulnerability: 
2025-04-09 15:12:35,998 - INFO - Processing row 149
2025-04-09 15:12:36,075 - ERROR - Invalid CVSS score: 
2025-04-09 15:12:36,150 - INFO - Successfully processed vulnerability: 
2025-04-09 15:12:36,223 - INFO - Processing row 150
2025-04-09 15:12:36,275 - ERROR - Invalid CVSS score: 
2025-04-09 15:12:36,307 - INFO - Successfully processed vulnerability: 
2025-04-09 15:12:36,325 - INFO - Processing row 151
2025-04-09 15:12:36,398 - ERROR - Invalid CVSS score: 
2025-04-09 15:12:36,457 - INFO - Successfully processed vulnerability: 
2025-04-09 15:12:36,503 - INFO - Processing row 152
2025-04-09 15:12:36,536 - ERROR - Invalid CVSS score: 
2025-04-09 15:12:36,603 - INFO - Successfully processed vulnerability: 
2025-04-09 15:12:36,626 - INFO - Processing row 153
2025-04-09 15:12:36,724 - ERROR - Invalid CVSS score: 
2025-04-09 15:12:36,793 - INFO - Successfully processed vulnerability: 
2025-04-09 15:12:36,824 - INFO - Processing row 154
2025-04-09 15:12:36,886 - ERROR - Invalid CVSS score: 
2025-04-09 15:12:36,899 - INFO - Successfully processed vulnerability: 
2025-04-09 15:12:36,954 - INFO - Processing row 155
2025-04-09 15:12:37,005 - ERROR - Invalid CVSS score: 
2025-04-09 15:12:37,035 - INFO - Successfully processed vulnerability: 
2025-04-09 15:12:37,057 - INFO - Processing row 156
2025-04-09 15:12:37,092 - ERROR - Invalid CVSS score: 
2025-04-09 15:12:37,122 - INFO - Successfully processed vulnerability: 
2025-04-09 15:12:37,175 - INFO - Processing row 157
2025-04-09 15:12:37,236 - ERROR - Invalid CVSS score: 
2025-04-09 15:12:37,255 - INFO - Successfully processed vulnerability: 
2025-04-09 15:12:37,286 - INFO - Processing row 158
2025-04-09 15:12:37,349 - ERROR - Invalid CVSS score: 
2025-04-09 15:12:37,376 - INFO - Successfully processed vulnerability: 
2025-04-09 15:12:37,405 - INFO - Processing row 159
2025-04-09 15:12:37,435 - ERROR - Invalid CVSS score: 
2025-04-09 15:12:37,508 - INFO - Successfully processed vulnerability: 
2025-04-09 15:12:37,568 - INFO - Processing row 160
2025-04-09 15:12:37,633 - ERROR - Invalid CVSS score: 
2025-04-09 15:12:37,692 - INFO - Successfully processed vulnerability: 
2025-04-09 15:12:37,745 - INFO - Processing row 161
2025-04-09 15:12:37,756 - ERROR - Invalid CVSS score: 
2025-04-09 15:12:37,809 - INFO - Successfully processed vulnerability: 
2025-04-09 15:12:37,856 - INFO - Processing row 162
2025-04-09 15:12:37,924 - ERROR - Invalid CVSS score: 
2025-04-09 15:12:37,952 - INFO - Successfully processed vulnerability: 
2025-04-09 15:12:38,058 - INFO - Processing row 163
2025-04-09 15:12:38,248 - ERROR - Invalid CVSS score: 
2025-04-09 15:12:38,342 - INFO - Successfully processed vulnerability: 
2025-04-09 15:12:38,434 - INFO - Processing row 164
2025-04-09 15:12:38,483 - ERROR - Invalid CVSS score: 
2025-04-09 15:12:38,541 - INFO - Successfully processed vulnerability: 
2025-04-09 15:12:38,593 - INFO - Processing row 165
2025-04-09 15:12:38,632 - ERROR - Invalid CVSS score: 
2025-04-09 15:12:38,689 - INFO - Successfully processed vulnerability: 
2025-04-09 15:12:38,769 - INFO - Processing row 166
2025-04-09 15:12:38,799 - ERROR - Invalid CVSS score: 
2025-04-09 15:12:38,858 - INFO - Successfully processed vulnerability: 
2025-04-09 15:12:38,917 - INFO - Processing row 167
2025-04-09 15:12:39,050 - ERROR - Invalid CVSS score: 
2025-04-09 15:12:39,170 - INFO - Successfully processed vulnerability: 
2025-04-09 15:12:39,243 - INFO - Processing row 168
2025-04-09 15:12:39,342 - ERROR - Invalid CVSS score: 
2025-04-09 15:12:39,451 - INFO - Successfully processed vulnerability: 
2025-04-09 15:12:39,623 - INFO - Processing row 169
2025-04-09 15:12:39,723 - ERROR - Invalid CVSS score: 
2025-04-09 15:12:39,818 - INFO - Successfully processed vulnerability: 
2025-04-09 15:12:40,003 - INFO - Processing row 170
2025-04-09 15:12:40,131 - ERROR - Invalid CVSS score: 
2025-04-09 15:12:40,250 - INFO - Successfully processed vulnerability: 
2025-04-09 15:12:40,368 - INFO - Processing row 171
2025-04-09 15:12:40,501 - ERROR - Invalid CVSS score: 
2025-04-09 15:12:40,650 - INFO - Successfully processed vulnerability: 
2025-04-09 15:12:40,715 - INFO - Processing row 172
2025-04-09 15:12:40,929 - ERROR - Invalid CVSS score: 
2025-04-09 15:12:41,052 - INFO - Successfully processed vulnerability: 
2025-04-09 15:12:41,190 - INFO - Processing row 173
2025-04-09 15:12:41,330 - ERROR - Invalid CVSS score: 
2025-04-09 15:12:41,414 - INFO - Successfully processed vulnerability: 
2025-04-09 15:12:41,563 - INFO - Processing row 174
2025-04-09 15:12:41,612 - ERROR - Invalid CVSS score: 
2025-04-09 15:12:41,722 - INFO - Successfully processed vulnerability: 
2025-04-09 15:12:41,777 - INFO - Processing row 175
2025-04-09 15:12:41,854 - ERROR - Invalid CVSS score: 
2025-04-09 15:12:41,937 - INFO - Successfully processed vulnerability: 
2025-04-09 15:12:42,007 - INFO - Processing row 176
2025-04-09 15:12:42,075 - ERROR - Invalid CVSS score: 
2025-04-09 15:12:42,135 - INFO - Successfully processed vulnerability: 
2025-04-09 15:12:42,251 - INFO - Processing row 177
2025-04-09 15:12:42,333 - ERROR - Invalid CVSS score: 
2025-04-09 15:12:42,446 - INFO - Successfully processed vulnerability: 
2025-04-09 15:12:42,526 - INFO - Processing row 178
2025-04-09 15:12:42,590 - ERROR - Invalid CVSS score: 
2025-04-09 15:12:42,675 - INFO - Successfully processed vulnerability: 
2025-04-09 15:12:42,768 - INFO - Processing row 179
2025-04-09 15:12:42,840 - ERROR - Invalid CVSS score: 
2025-04-09 15:12:42,906 - INFO - Successfully processed vulnerability: 
2025-04-09 15:12:42,988 - INFO - Processing row 180
2025-04-09 15:12:43,057 - ERROR - Invalid CVSS score: 
2025-04-09 15:12:43,130 - INFO - Successfully processed vulnerability: 
2025-04-09 15:12:43,199 - INFO - Processing row 181
2025-04-09 15:12:43,290 - ERROR - Invalid CVSS score: 
2025-04-09 15:12:43,372 - INFO - Successfully processed vulnerability: 
2025-04-09 15:12:43,443 - INFO - Processing row 182
2025-04-09 15:12:43,490 - ERROR - Invalid CVSS score: 
2025-04-09 15:12:43,574 - INFO - Successfully processed vulnerability: 
2025-04-09 15:12:43,692 - INFO - Processing row 183
2025-04-09 15:12:43,822 - ERROR - Invalid CVSS score: 
2025-04-09 15:12:43,922 - INFO - Successfully processed vulnerability: 
2025-04-09 15:12:44,087 - INFO - Processing row 184
2025-04-09 15:12:44,191 - ERROR - Invalid CVSS score: 
2025-04-09 15:12:44,275 - INFO - Successfully processed vulnerability: 
2025-04-09 15:12:44,394 - INFO - Processing row 185
2025-04-09 15:12:44,492 - ERROR - Invalid CVSS score: 
2025-04-09 15:12:44,557 - INFO - Successfully processed vulnerability: 
2025-04-09 15:12:44,621 - INFO - Processing row 186
2025-04-09 15:12:44,693 - ERROR - Invalid CVSS score: 
2025-04-09 15:12:44,769 - INFO - Successfully processed vulnerability: 
2025-04-09 15:12:44,896 - INFO - Processing row 187
2025-04-09 15:12:44,968 - ERROR - Invalid CVSS score: 
2025-04-09 15:12:45,107 - INFO - Successfully processed vulnerability: 
2025-04-09 15:12:45,172 - INFO - Processing row 188
2025-04-09 15:12:45,273 - ERROR - Invalid CVSS score: 
2025-04-09 15:12:45,358 - INFO - Successfully processed vulnerability: 
2025-04-09 15:12:45,433 - INFO - Processing row 189
2025-04-09 15:12:45,638 - ERROR - Invalid CVSS score: 
2025-04-09 15:12:45,763 - INFO - Successfully processed vulnerability: 
2025-04-09 15:12:45,822 - INFO - Processing row 190
2025-04-09 15:12:45,947 - ERROR - Invalid CVSS score: 
2025-04-09 15:12:46,001 - INFO - Successfully processed vulnerability: 
2025-04-09 15:12:46,076 - INFO - Processing row 191
2025-04-09 15:12:46,154 - ERROR - Invalid CVSS score: 
2025-04-09 15:12:46,259 - INFO - Successfully processed vulnerability: 
2025-04-09 15:12:46,336 - INFO - Processing row 192
2025-04-09 15:12:46,376 - ERROR - Invalid CVSS score: 
2025-04-09 15:12:46,458 - INFO - Successfully processed vulnerability: 
2025-04-09 15:12:46,556 - INFO - Processing row 193
2025-04-09 15:12:46,650 - ERROR - Invalid CVSS score: 
2025-04-09 15:12:46,729 - INFO - Successfully processed vulnerability: 
2025-04-09 15:12:46,804 - INFO - Processing row 194
2025-04-09 15:12:46,886 - ERROR - Invalid CVSS score: 
2025-04-09 15:12:46,943 - INFO - Successfully processed vulnerability: 
2025-04-09 15:12:47,017 - INFO - Processing row 195
2025-04-09 15:12:47,091 - ERROR - Invalid CVSS score: 
2025-04-09 15:12:47,204 - INFO - Successfully processed vulnerability: 
2025-04-09 15:12:47,264 - INFO - Processing row 196
2025-04-09 15:12:47,370 - ERROR - Invalid CVSS score: 
2025-04-09 15:12:47,405 - INFO - Successfully processed vulnerability: 
2025-04-09 15:12:47,499 - INFO - Processing row 197
2025-04-09 15:12:47,553 - ERROR - Invalid CVSS score: 
2025-04-09 15:12:47,606 - INFO - Successfully processed vulnerability: 
2025-04-09 15:12:47,671 - INFO - Processing row 198
2025-04-09 15:12:47,701 - ERROR - Invalid CVSS score: 
2025-04-09 15:12:47,791 - INFO - Successfully processed vulnerability: 
2025-04-09 15:12:47,809 - INFO - Processing row 199
2025-04-09 15:12:47,888 - ERROR - Invalid CVSS score: 
2025-04-09 15:12:47,935 - INFO - Successfully processed vulnerability: 
2025-04-09 15:12:47,985 - INFO - Processing row 200
2025-04-09 15:12:48,039 - ERROR - Invalid CVSS score: 
2025-04-09 15:12:48,121 - INFO - Successfully processed vulnerability: 
2025-04-09 15:12:48,160 - INFO - Processing row 201
2025-04-09 15:12:48,264 - ERROR - Invalid CVSS score: 
2025-04-09 15:12:48,332 - INFO - Successfully processed vulnerability: 
2025-04-09 15:12:48,403 - INFO - Processing row 202
2025-04-09 15:12:48,502 - ERROR - Invalid CVSS score: 
2025-04-09 15:12:48,593 - INFO - Successfully processed vulnerability: 
2025-04-09 15:12:48,651 - INFO - Processing row 203
2025-04-09 15:12:48,690 - ERROR - Invalid CVSS score: 
2025-04-09 15:12:48,732 - INFO - Successfully processed vulnerability: 
2025-04-09 15:12:48,760 - INFO - Processing row 204
2025-04-09 15:12:48,854 - ERROR - Invalid CVSS score: 
2025-04-09 15:12:48,888 - INFO - Successfully processed vulnerability: 
2025-04-09 15:12:48,941 - INFO - Processing row 205
2025-04-09 15:12:49,002 - ERROR - Invalid CVSS score: 
2025-04-09 15:12:49,073 - INFO - Successfully processed vulnerability: 
2025-04-09 15:12:49,121 - INFO - Processing row 206
2025-04-09 15:12:49,206 - ERROR - Invalid CVSS score: 
2025-04-09 15:12:49,274 - INFO - Successfully processed vulnerability: 
2025-04-09 15:12:49,341 - INFO - Processing row 207
2025-04-09 15:12:49,407 - ERROR - Invalid CVSS score: 
2025-04-09 15:12:49,472 - INFO - Successfully processed vulnerability: 
2025-04-09 15:12:49,535 - INFO - Processing row 208
2025-04-09 15:12:49,573 - ERROR - Invalid CVSS score: 
2025-04-09 15:12:49,594 - INFO - Successfully processed vulnerability: 
2025-04-09 15:12:49,668 - INFO - Processing row 209
2025-04-09 15:12:49,738 - ERROR - Invalid CVSS score: 
2025-04-09 15:12:49,808 - INFO - Successfully processed vulnerability: 
2025-04-09 15:12:49,861 - INFO - Processing row 210
2025-04-09 15:12:49,943 - ERROR - Invalid CVSS score: 
2025-04-09 15:12:49,992 - INFO - Successfully processed vulnerability: 
2025-04-09 15:12:50,046 - INFO - Processing row 211
2025-04-09 15:12:50,104 - ERROR - Invalid CVSS score: 
2025-04-09 15:12:50,172 - INFO - Successfully processed vulnerability: 
2025-04-09 15:12:50,270 - INFO - Processing row 212
2025-04-09 15:12:50,310 - ERROR - Invalid CVSS score: 
2025-04-09 15:12:50,375 - INFO - Successfully processed vulnerability: 
2025-04-09 15:12:50,404 - INFO - Processing row 213
2025-04-09 15:12:50,417 - ERROR - Invalid CVSS score: 
2025-04-09 15:12:50,456 - INFO - Successfully processed vulnerability: 
2025-04-09 15:12:50,521 - INFO - Processing row 214
2025-04-09 15:12:50,617 - ERROR - Invalid CVSS score: 
2025-04-09 15:12:50,657 - INFO - Successfully processed vulnerability: 
2025-04-09 15:12:50,739 - INFO - Processing row 215
2025-04-09 15:12:50,843 - ERROR - Invalid CVSS score: 
2025-04-09 15:12:50,935 - INFO - Successfully processed vulnerability: 
2025-04-09 15:12:51,006 - INFO - Processing row 216
2025-04-09 15:12:51,122 - ERROR - Invalid CVSS score: 
2025-04-09 15:12:51,186 - INFO - Successfully processed vulnerability: 
2025-04-09 15:12:51,221 - INFO - Processing row 217
2025-04-09 15:12:51,290 - ERROR - Invalid CVSS score: 
2025-04-09 15:12:51,438 - INFO - Successfully processed vulnerability: 
2025-04-09 15:12:51,617 - INFO - Processing row 218
2025-04-09 15:12:51,684 - ERROR - Invalid CVSS score: 
2025-04-09 15:12:51,738 - INFO - Successfully processed vulnerability: 
2025-04-09 15:12:51,793 - INFO - Processing row 219
2025-04-09 15:12:51,843 - ERROR - Invalid CVSS score: 
2025-04-09 15:12:51,922 - INFO - Successfully processed vulnerability: 
2025-04-09 15:12:51,957 - INFO - Processing row 220
2025-04-09 15:12:51,990 - ERROR - Invalid CVSS score: 
2025-04-09 15:12:52,003 - INFO - Successfully processed vulnerability: 
2025-04-09 15:12:52,039 - INFO - Processing row 221
2025-04-09 15:12:52,057 - ERROR - Invalid CVSS score: 
2025-04-09 15:12:52,074 - INFO - Successfully processed vulnerability: 
2025-04-09 15:12:52,115 - INFO - Processing row 222
2025-04-09 15:12:52,124 - ERROR - Invalid CVSS score: 
2025-04-09 15:12:52,140 - INFO - Successfully processed vulnerability: 
2025-04-09 15:12:52,171 - INFO - Processing row 223
2025-04-09 15:12:52,195 - ERROR - Invalid CVSS score: 
2025-04-09 15:12:52,238 - INFO - Successfully processed vulnerability: 
2025-04-09 15:12:52,255 - INFO - Processing row 224
2025-04-09 15:12:52,305 - ERROR - Invalid CVSS score: 
2025-04-09 15:12:52,337 - INFO - Successfully processed vulnerability: 
2025-04-09 15:12:52,388 - INFO - Processing row 225
2025-04-09 15:12:52,450 - ERROR - Invalid CVSS score: 
2025-04-09 15:12:52,488 - INFO - Successfully processed vulnerability: 
2025-04-09 15:12:52,507 - INFO - Processing row 226
2025-04-09 15:12:52,526 - ERROR - Invalid CVSS score: 
2025-04-09 15:12:52,573 - INFO - Successfully processed vulnerability: 
2025-04-09 15:12:52,603 - INFO - Processing row 227
2025-04-09 15:12:52,621 - ERROR - Invalid CVSS score: 
2025-04-09 15:12:52,636 - INFO - Successfully processed vulnerability: 
2025-04-09 15:12:52,678 - INFO - Processing row 228
2025-04-09 15:12:52,717 - ERROR - Invalid CVSS score: 
2025-04-09 15:12:52,740 - INFO - Successfully processed vulnerability: 
2025-04-09 15:12:52,770 - INFO - Processing row 229
2025-04-09 15:12:52,837 - ERROR - Invalid CVSS score: 
2025-04-09 15:12:52,882 - INFO - Successfully processed vulnerability: 
2025-04-09 15:12:52,904 - INFO - Processing row 230
2025-04-09 15:12:52,925 - ERROR - Invalid CVSS score: 
2025-04-09 15:12:52,971 - INFO - Successfully processed vulnerability: 
2025-04-09 15:12:53,027 - INFO - Processing row 231
2025-04-09 15:12:53,050 - ERROR - Invalid CVSS score: 
2025-04-09 15:12:53,077 - INFO - Successfully processed vulnerability: 
2025-04-09 15:12:53,140 - INFO - Processing row 232
2025-04-09 15:12:53,168 - ERROR - Invalid CVSS score: 
2025-04-09 15:12:53,192 - INFO - Successfully processed vulnerability: 
2025-04-09 15:12:53,227 - INFO - Processing row 233
2025-04-09 15:12:53,260 - ERROR - Invalid CVSS score: 
2025-04-09 15:12:53,304 - INFO - Successfully processed vulnerability: 
2025-04-09 15:12:53,327 - INFO - Processing row 234
2025-04-09 15:12:53,382 - ERROR - Invalid CVSS score: 
2025-04-09 15:12:53,426 - INFO - Successfully processed vulnerability: 
2025-04-09 15:12:53,474 - INFO - Processing row 235
2025-04-09 15:12:53,515 - ERROR - Invalid CVSS score: 
2025-04-09 15:12:53,570 - INFO - Successfully processed vulnerability: 
2025-04-09 15:12:53,594 - INFO - Processing row 236
2025-04-09 15:12:53,628 - ERROR - Invalid CVSS score: 
2025-04-09 15:12:53,669 - INFO - Successfully processed vulnerability: 
2025-04-09 15:12:53,693 - INFO - Processing row 237
2025-04-09 15:12:53,710 - ERROR - Invalid CVSS score: 
2025-04-09 15:12:53,741 - INFO - Successfully processed vulnerability: 
2025-04-09 15:12:53,769 - INFO - Processing row 238
2025-04-09 15:12:53,803 - ERROR - Invalid CVSS score: 
2025-04-09 15:12:53,818 - INFO - Successfully processed vulnerability: 
2025-04-09 15:12:53,842 - INFO - Processing row 239
2025-04-09 15:12:53,896 - ERROR - Invalid CVSS score: 
2025-04-09 15:12:53,939 - INFO - Successfully processed vulnerability: 
2025-04-09 15:12:53,974 - INFO - Processing row 240
2025-04-09 15:12:54,005 - ERROR - Invalid CVSS score: 
2025-04-09 15:12:54,042 - INFO - Successfully processed vulnerability: 
2025-04-09 15:12:54,067 - INFO - Processing row 241
2025-04-09 15:12:54,093 - ERROR - Invalid CVSS score: 
2025-04-09 15:12:54,121 - INFO - Successfully processed vulnerability: 
2025-04-09 15:12:54,175 - INFO - Processing row 242
2025-04-09 15:12:54,190 - ERROR - Invalid CVSS score: 
2025-04-09 15:12:54,244 - INFO - Successfully processed vulnerability: 
2025-04-09 15:12:54,260 - INFO - Processing row 243
2025-04-09 15:12:54,302 - ERROR - Invalid CVSS score: 
2025-04-09 15:12:54,307 - INFO - Successfully processed vulnerability: 
2025-04-09 15:12:54,316 - INFO - Processing row 244
2025-04-09 15:12:54,359 - ERROR - Invalid CVSS score: 
2025-04-09 15:12:54,388 - INFO - Successfully processed vulnerability: 
2025-04-09 15:12:54,407 - INFO - Processing row 245
2025-04-09 15:12:54,410 - ERROR - Invalid CVSS score: 
2025-04-09 15:12:54,442 - INFO - Successfully processed vulnerability: 
2025-04-09 15:12:54,469 - INFO - Processing row 246
2025-04-09 15:12:54,491 - ERROR - Invalid CVSS score: 
2025-04-09 15:12:54,536 - INFO - Successfully processed vulnerability: 
2025-04-09 15:12:54,554 - INFO - Processing row 247
2025-04-09 15:12:54,573 - ERROR - Invalid CVSS score: 
2025-04-09 15:12:54,593 - INFO - Successfully processed vulnerability: 
2025-04-09 15:12:54,617 - INFO - Processing row 248
2025-04-09 15:12:54,636 - ERROR - Invalid CVSS score: 
2025-04-09 15:12:54,643 - INFO - Successfully processed vulnerability: 
2025-04-09 15:12:54,694 - INFO - Processing row 249
2025-04-09 15:12:54,703 - ERROR - Invalid CVSS score: 
2025-04-09 15:12:54,754 - INFO - Successfully processed vulnerability: 
2025-04-09 15:12:54,761 - INFO - Processing row 250
2025-04-09 15:12:54,810 - ERROR - Invalid CVSS score: 
2025-04-09 15:12:54,821 - INFO - Successfully processed vulnerability: 
2025-04-09 15:12:54,844 - INFO - Processing row 251
2025-04-09 15:12:54,874 - ERROR - Invalid CVSS score: 
2025-04-09 15:12:54,908 - INFO - Successfully processed vulnerability: 
2025-04-09 15:12:54,926 - INFO - Processing row 252
2025-04-09 15:12:54,959 - ERROR - Invalid CVSS score: 
2025-04-09 15:12:54,978 - INFO - Successfully processed vulnerability: 
2025-04-09 15:12:55,021 - INFO - Processing row 253
2025-04-09 15:12:55,068 - ERROR - Invalid CVSS score: 
2025-04-09 15:12:55,083 - INFO - Successfully processed vulnerability: 
2025-04-09 15:12:55,122 - INFO - Processing row 254
2025-04-09 15:12:55,153 - ERROR - Invalid CVSS score: 
2025-04-09 15:12:55,191 - INFO - Successfully processed vulnerability: 
2025-04-09 15:12:55,203 - INFO - Processing row 255
2025-04-09 15:12:55,268 - ERROR - Invalid CVSS score: 
2025-04-09 15:12:55,283 - INFO - Successfully processed vulnerability: 
2025-04-09 15:12:55,335 - INFO - Processing row 256
2025-04-09 15:12:55,371 - ERROR - Invalid CVSS score: 
2025-04-09 15:12:55,404 - INFO - Successfully processed vulnerability: 
2025-04-09 15:12:55,428 - INFO - Processing row 257
2025-04-09 15:12:55,456 - ERROR - Invalid CVSS score: 
2025-04-09 15:12:55,489 - INFO - Successfully processed vulnerability: 
2025-04-09 15:12:55,550 - INFO - Processing row 258
2025-04-09 15:12:55,570 - ERROR - Invalid CVSS score: 
2025-04-09 15:12:55,583 - INFO - Successfully processed vulnerability: 
2025-04-09 15:12:55,594 - INFO - Processing row 259
2025-04-09 15:12:55,645 - ERROR - Invalid CVSS score: 
2025-04-09 15:12:55,720 - INFO - Successfully processed vulnerability: 
2025-04-09 15:12:55,739 - INFO - Processing row 260
2025-04-09 15:12:55,993 - ERROR - Invalid CVSS score: 
2025-04-09 15:12:56,079 - INFO - Successfully processed vulnerability: 
2025-04-09 15:12:56,123 - INFO - Processing row 261
2025-04-09 15:12:56,139 - ERROR - Invalid CVSS score: 
2025-04-09 15:12:56,161 - INFO - Successfully processed vulnerability: 
2025-04-09 15:12:56,195 - INFO - Processing row 262
2025-04-09 15:12:56,221 - ERROR - Invalid CVSS score: 
2025-04-09 15:12:56,273 - INFO - Successfully processed vulnerability: 
2025-04-09 15:12:56,309 - INFO - Processing row 263
2025-04-09 15:12:56,325 - ERROR - Invalid CVSS score: 
2025-04-09 15:12:56,368 - INFO - Successfully processed vulnerability: 
2025-04-09 15:12:56,391 - INFO - Processing row 264
2025-04-09 15:12:56,420 - ERROR - Invalid CVSS score: 
2025-04-09 15:12:56,429 - INFO - Successfully processed vulnerability: 
2025-04-09 15:12:56,493 - INFO - Processing row 265
2025-04-09 15:12:56,495 - ERROR - Invalid CVSS score: 
2025-04-09 15:12:56,538 - INFO - Successfully processed vulnerability: 
2025-04-09 15:12:56,561 - INFO - Processing row 266
2025-04-09 15:12:56,597 - ERROR - Invalid CVSS score: 
2025-04-09 15:12:56,628 - INFO - Successfully processed vulnerability: 
2025-04-09 15:12:56,675 - INFO - Processing row 267
2025-04-09 15:12:56,711 - ERROR - Invalid CVSS score: 
2025-04-09 15:12:56,740 - INFO - Successfully processed vulnerability: 
2025-04-09 15:12:56,760 - INFO - Processing row 268
2025-04-09 15:12:56,776 - ERROR - Invalid CVSS score: 
2025-04-09 15:12:56,794 - INFO - Successfully processed vulnerability: 
2025-04-09 15:12:56,844 - INFO - Processing row 269
2025-04-09 15:12:57,000 - ERROR - Invalid CVSS score: 
2025-04-09 15:12:57,069 - INFO - Successfully processed vulnerability: 
2025-04-09 15:12:57,095 - INFO - Processing row 270
2025-04-09 15:12:57,139 - ERROR - Invalid CVSS score: 
2025-04-09 15:12:57,154 - INFO - Successfully processed vulnerability: 
2025-04-09 15:12:57,216 - INFO - Processing row 271
2025-04-09 15:12:57,225 - ERROR - Invalid CVSS score: 
2025-04-09 15:12:57,254 - INFO - Successfully processed vulnerability: 
2025-04-09 15:12:57,297 - INFO - Processing row 272
2025-04-09 15:12:57,326 - ERROR - Invalid CVSS score: 
2025-04-09 15:12:57,361 - INFO - Successfully processed vulnerability: 
2025-04-09 15:12:57,389 - INFO - Processing row 273
2025-04-09 15:12:57,435 - ERROR - Invalid CVSS score: 
2025-04-09 15:12:57,452 - INFO - Successfully processed vulnerability: 
2025-04-09 15:12:57,486 - INFO - Processing row 274
2025-04-09 15:12:57,510 - ERROR - Invalid CVSS score: 
2025-04-09 15:12:57,552 - INFO - Successfully processed vulnerability: 
2025-04-09 15:12:57,562 - INFO - Processing row 275
2025-04-09 15:12:57,619 - ERROR - Invalid CVSS score: 
2025-04-09 15:12:57,662 - INFO - Successfully processed vulnerability: 
2025-04-09 15:12:57,687 - INFO - Processing row 276
2025-04-09 15:12:57,748 - ERROR - Invalid CVSS score: 
2025-04-09 15:12:57,755 - INFO - Successfully processed vulnerability: 
2025-04-09 15:12:57,761 - INFO - Found 12 unique vulnerabilities
2025-04-09 15:12:57,809 - INFO - Creating table for vulnerability 1: SSL Certificate Signed Using Weak Hashing Algorithm
2025-04-09 15:12:57,885 - INFO - Creating table with heading: 1. SSL Certificate Signed Using Weak Hashing Algorithm
2025-04-09 15:12:58,148 - INFO - Table created successfully for heading: 1. SSL Certificate Signed Using Weak Hashing Algorithm
2025-04-09 15:12:58,187 - INFO - Added new page for next vulnerability
2025-04-09 15:12:58,192 - INFO - Appending data for vulnerability ANRSAPR25-1
2025-04-09 15:12:58,226 - INFO - Formatting affected resources table for 1 resources
2025-04-09 15:12:58,242 - INFO - Successfully formatted affected resources
2025-04-09 15:12:58,262 - INFO - Successfully appended data for vulnerability ANRSAPR25-1
2025-04-09 15:12:58,277 - INFO - Creating table for vulnerability 2: SSL Medium Strength Cipher Suites Supported (SWEET32)
2025-04-09 15:12:58,294 - INFO - Creating table with heading: 2. SSL Medium Strength Cipher Suites Supported (SWEET32)
2025-04-09 15:12:58,536 - INFO - Table created successfully for heading: 2. SSL Medium Strength Cipher Suites Supported (SWEET32)
2025-04-09 15:12:58,577 - INFO - Added new page for next vulnerability
2025-04-09 15:12:58,585 - INFO - Appending data for vulnerability ANRSAPR25-2
2025-04-09 15:12:58,659 - INFO - Formatting affected resources table for 1 resources
2025-04-09 15:12:58,709 - INFO - Successfully formatted affected resources
2025-04-09 15:12:58,727 - INFO - Successfully appended data for vulnerability ANRSAPR25-2
2025-04-09 15:12:58,756 - INFO - Creating table for vulnerability 3: SSL RC4 Cipher Suites Supported (Bar Mitzvah)
2025-04-09 15:12:58,795 - INFO - Creating table with heading: 3. SSL RC4 Cipher Suites Supported (Bar Mitzvah)
2025-04-09 15:12:59,026 - INFO - Table created successfully for heading: 3. SSL RC4 Cipher Suites Supported (Bar Mitzvah)
2025-04-09 15:12:59,077 - INFO - Added new page for next vulnerability
2025-04-09 15:12:59,127 - INFO - Appending data for vulnerability ANRSAPR25-3
2025-04-09 15:12:59,191 - INFO - Formatting affected resources table for 1 resources
2025-04-09 15:12:59,290 - INFO - Successfully formatted affected resources
2025-04-09 15:12:59,333 - INFO - Successfully appended data for vulnerability ANRSAPR25-3
2025-04-09 15:12:59,360 - INFO - Creating table for vulnerability 4: SSL Certificate Cannot Be Trusted
2025-04-09 15:12:59,440 - INFO - Creating table with heading: 4. SSL Certificate Cannot Be Trusted
2025-04-09 15:12:59,737 - INFO - Table created successfully for heading: 4. SSL Certificate Cannot Be Trusted
2025-04-09 15:12:59,809 - INFO - Added new page for next vulnerability
2025-04-09 15:12:59,908 - INFO - Appending data for vulnerability ANRSAPR25-4
2025-04-09 15:12:59,962 - INFO - Formatting affected resources table for 1 resources
2025-04-09 15:13:00,033 - INFO - Successfully formatted affected resources
2025-04-09 15:13:00,093 - INFO - Successfully appended data for vulnerability ANRSAPR25-4
2025-04-09 15:13:00,143 - INFO - Creating table for vulnerability 5: SSL Self-Signed Certificate
2025-04-09 15:13:00,206 - INFO - Creating table with heading: 5. SSL Self-Signed Certificate
2025-04-09 15:13:00,504 - INFO - Table created successfully for heading: 5. SSL Self-Signed Certificate
2025-04-09 15:13:00,553 - INFO - Added new page for next vulnerability
2025-04-09 15:13:00,637 - INFO - Appending data for vulnerability ANRSAPR25-5
2025-04-09 15:13:00,659 - INFO - Formatting affected resources table for 1 resources
2025-04-09 15:13:00,717 - INFO - Successfully formatted affected resources
2025-04-09 15:13:00,793 - INFO - Successfully appended data for vulnerability ANRSAPR25-5
2025-04-09 15:13:00,807 - INFO - Creating table for vulnerability 6: TLS Version 1.0 Protocol Detection
2025-04-09 15:13:00,810 - INFO - Creating table with heading: 6. TLS Version 1.0 Protocol Detection
2025-04-09 15:13:01,029 - INFO - Table created successfully for heading: 6. TLS Version 1.0 Protocol Detection
2025-04-09 15:13:01,111 - INFO - Added new page for next vulnerability
2025-04-09 15:13:01,160 - INFO - Appending data for vulnerability ANRSAPR25-6
2025-04-09 15:13:01,237 - INFO - Formatting affected resources table for 1 resources
2025-04-09 15:13:01,307 - INFO - Successfully formatted affected resources
2025-04-09 15:13:01,377 - INFO - Successfully appended data for vulnerability ANRSAPR25-6
2025-04-09 15:13:01,436 - INFO - Creating table for vulnerability 7: Network Time Protocol (NTP) Mode 6 Scanner
2025-04-09 15:13:01,528 - INFO - Creating table with heading: 7. Network Time Protocol (NTP) Mode 6 Scanner
2025-04-09 15:13:01,811 - INFO - Table created successfully for heading: 7. Network Time Protocol (NTP) Mode 6 Scanner
2025-04-09 15:13:01,893 - INFO - Added new page for next vulnerability
2025-04-09 15:13:01,953 - INFO - Appending data for vulnerability ANRSAPR25-7
2025-04-09 15:13:02,037 - INFO - Formatting affected resources table for 8 resources
2025-04-09 15:13:02,138 - INFO - Successfully formatted affected resources
2025-04-09 15:13:02,357 - INFO - Successfully appended data for vulnerability ANRSAPR25-7
2025-04-09 15:13:02,481 - INFO - Creating table for vulnerability 8: SSL Weak Cipher Suites Supported
2025-04-09 15:13:02,482 - INFO - Creating table with heading: 8. SSL Weak Cipher Suites Supported
2025-04-09 15:13:02,820 - INFO - Table created successfully for heading: 8. SSL Weak Cipher Suites Supported
2025-04-09 15:13:02,878 - INFO - Added new page for next vulnerability
2025-04-09 15:13:02,907 - INFO - Appending data for vulnerability ANRSAPR25-8
2025-04-09 15:13:02,966 - INFO - Formatting affected resources table for 1 resources
2025-04-09 15:13:03,033 - INFO - Successfully formatted affected resources
2025-04-09 15:13:03,104 - INFO - Successfully appended data for vulnerability ANRSAPR25-8
2025-04-09 15:13:03,157 - INFO - Creating table for vulnerability 9: SSH Weak Key Exchange Algorithms Enabled
2025-04-09 15:13:03,188 - INFO - Creating table with heading: 9. SSH Weak Key Exchange Algorithms Enabled
2025-04-09 15:13:03,693 - INFO - Table created successfully for heading: 9. SSH Weak Key Exchange Algorithms Enabled
2025-04-09 15:13:03,873 - INFO - Added new page for next vulnerability
2025-04-09 15:13:03,944 - INFO - Appending data for vulnerability ANRSAPR25-9
2025-04-09 15:13:04,006 - INFO - Formatting affected resources table for 9 resources
2025-04-09 15:13:04,115 - INFO - Successfully formatted affected resources
2025-04-09 15:13:04,201 - INFO - Successfully appended data for vulnerability ANRSAPR25-9
2025-04-09 15:13:04,250 - INFO - Creating table for vulnerability 10: SSH Server CBC Mode Ciphers Enabled
2025-04-09 15:13:04,315 - INFO - Creating table with heading: 10. SSH Server CBC Mode Ciphers Enabled
2025-04-09 15:13:04,674 - INFO - Table created successfully for heading: 10. SSH Server CBC Mode Ciphers Enabled
2025-04-09 15:13:04,675 - INFO - Added new page for next vulnerability
2025-04-09 15:13:04,676 - INFO - Appending data for vulnerability ANRSAPR25-10
2025-04-09 15:13:04,689 - INFO - Formatting affected resources table for 1 resources
2025-04-09 15:13:04,692 - INFO - Successfully formatted affected resources
2025-04-09 15:13:04,823 - INFO - Successfully appended data for vulnerability ANRSAPR25-10
2025-04-09 15:13:04,844 - INFO - Creating table for vulnerability 11: ICMP Timestamp Request Remote Date Disclosure
2025-04-09 15:13:04,884 - INFO - Creating table with heading: 11. ICMP Timestamp Request Remote Date Disclosure
2025-04-09 15:13:05,157 - INFO - Table created successfully for heading: 11. ICMP Timestamp Request Remote Date Disclosure
2025-04-09 15:13:05,173 - INFO - Added new page for next vulnerability
2025-04-09 15:13:05,231 - INFO - Appending data for vulnerability ANRSAPR25-11
2025-04-09 15:13:05,275 - INFO - Formatting affected resources table for 1 resources
2025-04-09 15:13:05,327 - INFO - Successfully formatted affected resources
2025-04-09 15:13:05,429 - INFO - Successfully appended data for vulnerability ANRSAPR25-11
2025-04-09 15:13:05,459 - INFO - Creating table for vulnerability 12: 
2025-04-09 15:13:05,495 - INFO - Creating table with heading: 12. 
2025-04-09 15:13:05,769 - INFO - Table created successfully for heading: 12. 
2025-04-09 15:13:05,827 - INFO - Appending data for vulnerability ANRSAPR25-12
2025-04-09 15:13:05,926 - INFO - Formatting affected resources table for 1 resources
2025-04-09 15:13:05,989 - INFO - Successfully formatted affected resources
2025-04-09 15:13:06,067 - INFO - Successfully appended data for vulnerability ANRSAPR25-12
2025-04-09 15:13:06,176 - INFO - Document saved successfully as 'output_document.docx'
2025-04-09 15:13:06,229 - INFO - Document creation process completed successfully
2025-04-09 15:13:06,276 - INFO - VA report generated successfully
2025-04-09 15:13:06,310 - INFO - Merging documents
2025-04-09 15:13:07,936 - INFO - Documents merged successfully
2025-04-09 15:13:07,950 - INFO - Final report generated successfully
2025-04-09 15:13:08,074 - INFO - 127.0.0.1 - - [09/Apr/2025 15:13:08] "POST / HTTP/1.1" 200 -
2025-04-09 15:15:51,421 - INFO - Processing report for Firewall, Internal Network
2025-04-09 15:15:51,929 - INFO - File uploaded: Firewall_Scan_6bndj0.csv
2025-04-09 15:15:51,957 - INFO - Validating CSV columns
2025-04-09 15:15:51,957 - INFO - All required columns found in CSV
2025-04-09 15:15:51,966 - ERROR - Exception during file processing
Traceback (most recent call last):
  File "E:\Report Automation Project - Copy\webapp.py", line 120, in index
    os.rename(filepath, dataset_path)
    ~~~~~~~~~^^^^^^^^^^^^^^^^^^^^^^^^
FileExistsError: [WinError 183] Cannot create a file when that file already exists: 'C:\\Users\\admin\\AppData\\Local\\Temp\\tmpnqro0n_a\\Firewall_Scan_6bndj0.csv' -> 'C:\\Users\\admin\\AppData\\Local\\Temp\\tmpnqro0n_a\\dataset.csv'
2025-04-09 15:15:52,871 - INFO - 127.0.0.1 - - [09/Apr/2025 15:15:52] "[32mPOST / HTTP/1.1[0m" 302 -
2025-04-09 15:15:53,196 - INFO - 127.0.0.1 - - [09/Apr/2025 15:15:53] "GET / HTTP/1.1" 200 -
2025-04-09 15:16:07,964 - INFO - 127.0.0.1 - - [09/Apr/2025 15:16:07] "GET / HTTP/1.1" 200 -
2025-04-09 15:16:18,787 - INFO - Processing report for Al-Nabooda, External Network
2025-04-09 15:16:18,791 - INFO - File uploaded: Firewall_Scan_6bndj0.csv
2025-04-09 15:16:18,878 - INFO - Validating CSV columns
2025-04-09 15:16:18,952 - INFO - All required columns found in CSV
2025-04-09 15:16:18,957 - ERROR - Exception during file processing
Traceback (most recent call last):
  File "E:\Report Automation Project - Copy\webapp.py", line 120, in index
    os.rename(filepath, dataset_path)
    ~~~~~~~~~^^^^^^^^^^^^^^^^^^^^^^^^
FileExistsError: [WinError 183] Cannot create a file when that file already exists: 'C:\\Users\\admin\\AppData\\Local\\Temp\\tmpnqro0n_a\\Firewall_Scan_6bndj0.csv' -> 'C:\\Users\\admin\\AppData\\Local\\Temp\\tmpnqro0n_a\\dataset.csv'
2025-04-09 15:16:18,962 - INFO - 127.0.0.1 - - [09/Apr/2025 15:16:18] "[32mPOST / HTTP/1.1[0m" 302 -
2025-04-09 15:16:19,140 - INFO - 127.0.0.1 - - [09/Apr/2025 15:16:19] "GET / HTTP/1.1" 200 -
2025-04-09 15:18:06,011 - INFO -  * Detected change in 'C:\\Users\\admin\\AppData\\Local\\Programs\\Python\\Python313\\Lib\\site-packages\\flask\\__init__.py', reloading
