2025-04-17 15:46:47,648 - INFO - Starting web application
2025-04-17 15:46:47,736 - WARNING -  * Debugger is active!
2025-04-17 15:46:47,742 - INFO -  * Debugger PIN: 960-943-513
2025-04-17 15:46:58,961 - INFO - Processing report for Al-Nabooda, External Network
2025-04-17 15:46:58,965 - INFO - File uploaded: Firewall_Scan_6bndj0.csv
2025-04-17 15:46:59,047 - INFO - Validating CSV columns
2025-04-17 15:46:59,048 - INFO - All required columns found in CSV
2025-04-17 15:46:59,984 - INFO - Cover page generated successfully
2025-04-17 15:46:59,984 - INFO - Starting document creation process
2025-04-17 15:47:00,009 - INFO - Created new document
2025-04-17 15:47:00,010 - INFO - Setting document font to Helvetica, size 10.5
2025-04-17 15:47:00,017 - INFO - Document font set successfully
2025-04-17 15:47:00,021 - INFO - Using CSV file: dataset.csv
2025-04-17 15:47:00,032 - INFO - Successfully opened CSV file
2025-04-17 15:47:00,038 - INFO - CSV header read successfully with 8 columns
2025-04-17 15:47:00,039 - INFO - Validating CSV columns
2025-04-17 15:47:00,047 - INFO - All required columns found in CSV
2025-04-17 15:47:00,049 - INFO - Processing row 1
2025-04-17 15:47:00,051 - INFO - Successfully processed vulnerability: SSL Certificate Cannot Be Trusted
2025-04-17 15:47:00,053 - INFO - Processing row 2
2025-04-17 15:47:00,054 - INFO - Successfully processed vulnerability: SSL Self-Signed Certificate
2025-04-17 15:47:00,055 - INFO - Processing row 3
2025-04-17 15:47:00,056 - INFO - Successfully processed vulnerability: TLS Version 1.1 Deprecated Protocol
2025-04-17 15:47:00,057 - INFO - Processing row 4
2025-04-17 15:47:00,061 - INFO - Successfully processed vulnerability: SSL Certificate Cannot Be Trusted
2025-04-17 15:47:00,062 - INFO - Processing row 5
2025-04-17 15:47:00,063 - INFO - Successfully processed vulnerability: SSL Self-Signed Certificate
2025-04-17 15:47:00,064 - INFO - Processing row 6
2025-04-17 15:47:00,065 - INFO - Successfully processed vulnerability: TLS Version 1.1 Deprecated Protocol
2025-04-17 15:47:00,065 - INFO - Processing row 7
2025-04-17 15:47:00,066 - INFO - Successfully processed vulnerability: SSL Certificate Cannot Be Trusted
2025-04-17 15:47:00,067 - INFO - Processing row 8
2025-04-17 15:47:00,068 - INFO - Successfully processed vulnerability: SSL Self-Signed Certificate
2025-04-17 15:47:00,069 - INFO - Processing row 9
2025-04-17 15:47:00,069 - INFO - Successfully processed vulnerability: TLS Version 1.1 Deprecated Protocol
2025-04-17 15:47:00,070 - INFO - Processing row 10
2025-04-17 15:47:00,070 - INFO - Successfully processed vulnerability: SSL Certificate Cannot Be Trusted
2025-04-17 15:47:00,070 - INFO - Processing row 11
2025-04-17 15:47:00,070 - INFO - Successfully processed vulnerability: SSL Self-Signed Certificate
2025-04-17 15:47:00,071 - INFO - Processing row 12
2025-04-17 15:47:00,071 - INFO - Successfully processed vulnerability: TLS Version 1.1 Deprecated Protocol
2025-04-17 15:47:00,071 - INFO - Processing row 13
2025-04-17 15:47:00,072 - INFO - Successfully processed vulnerability: SSL Certificate Cannot Be Trusted
2025-04-17 15:47:00,072 - INFO - Processing row 14
2025-04-17 15:47:00,072 - INFO - Successfully processed vulnerability: SSL Self-Signed Certificate
2025-04-17 15:47:00,072 - INFO - Processing row 15
2025-04-17 15:47:00,072 - INFO - Successfully processed vulnerability: TLS Version 1.1 Deprecated Protocol
2025-04-17 15:47:00,073 - INFO - Processing row 16
2025-04-17 15:47:00,076 - INFO - Successfully processed vulnerability: SSL Certificate Cannot Be Trusted
2025-04-17 15:47:00,077 - INFO - Processing row 17
2025-04-17 15:47:00,078 - INFO - Successfully processed vulnerability: SSL Certificate Cannot Be Trusted
2025-04-17 15:47:00,078 - INFO - Processing row 18
2025-04-17 15:47:00,079 - INFO - Successfully processed vulnerability: SSL Self-Signed Certificate
2025-04-17 15:47:00,079 - INFO - Processing row 19
2025-04-17 15:47:00,079 - INFO - Successfully processed vulnerability: TLS Version 1.1 Deprecated Protocol
2025-04-17 15:47:00,080 - INFO - Processing row 20
2025-04-17 15:47:00,080 - INFO - Successfully processed vulnerability: SSL Certificate Cannot Be Trusted
2025-04-17 15:47:00,080 - INFO - Processing row 21
2025-04-17 15:47:00,081 - INFO - Successfully processed vulnerability: SSL Self-Signed Certificate
2025-04-17 15:47:00,081 - INFO - Processing row 22
2025-04-17 15:47:00,081 - INFO - Successfully processed vulnerability: TLS Version 1.1 Deprecated Protocol
2025-04-17 15:47:00,082 - INFO - Processing row 23
2025-04-17 15:47:00,082 - INFO - Successfully processed vulnerability: Palo Alto Networks PAN-OS 10.2.x < 10.2.12 / 11.0.x < 11.0.6 / 11.1.x < 11.1.5 / 11.2.x < 11.2.4 Vulnerability
2025-04-17 15:47:00,082 - INFO - Processing row 24
2025-04-17 15:47:00,083 - INFO - Successfully processed vulnerability: Palo Alto Networks PAN-OS 10.2.x < 10.2.12 / 11.0.x < 11.0.6 / 11.1.x < 11.1.5 / 11.2.x < 11.2.4 Vulnerability
2025-04-17 15:47:00,084 - INFO - Processing row 25
2025-04-17 15:47:00,084 - INFO - Successfully processed vulnerability: Palo Alto Networks PAN-OS 10.2.x < 10.2.12 / 11.0.x < 11.0.6 / 11.1.x < 11.1.5 / 11.2.x < 11.2.4 Vulnerability
2025-04-17 15:47:00,085 - INFO - Processing row 26
2025-04-17 15:47:00,086 - INFO - Successfully processed vulnerability: Palo Alto Networks PAN-OS 10.2.x < 10.2.12 / 11.0.x < 11.0.6 / 11.1.x < 11.1.5 / 11.2.x < 11.2.4 Vulnerability
2025-04-17 15:47:00,086 - INFO - Processing row 27
2025-04-17 15:47:00,087 - INFO - Successfully processed vulnerability: Palo Alto Networks PAN-OS 10.2.x < 10.2.12 / 11.0.x < 11.0.6 / 11.1.x < 11.1.5 / 11.2.x < 11.2.4 Vulnerability
2025-04-17 15:47:00,087 - INFO - Processing row 28
2025-04-17 15:47:00,088 - INFO - Successfully processed vulnerability: Palo Alto Networks PAN-OS 10.2.x < 10.2.12 / 11.0.x < 11.0.6 / 11.1.x < 11.1.5 / 11.2.x < 11.2.4 Vulnerability
2025-04-17 15:47:00,088 - INFO - Processing row 29
2025-04-17 15:47:00,089 - INFO - Successfully processed vulnerability: Palo Alto Networks PAN-OS 10.2.x < 10.2.12 / 11.0.x < 11.0.6 / 11.1.x < 11.1.5 / 11.2.x < 11.2.4 Vulnerability
2025-04-17 15:47:00,092 - INFO - Processing row 30
2025-04-17 15:47:00,093 - INFO - Successfully processed vulnerability: SSH Terrapin Prefix Truncation Weakness (CVE-2023-48795)
2025-04-17 15:47:00,093 - INFO - Processing row 31
2025-04-17 15:47:00,094 - INFO - Successfully processed vulnerability: SSH Terrapin Prefix Truncation Weakness (CVE-2023-48795)
2025-04-17 15:47:00,096 - INFO - Processing row 32
2025-04-17 15:47:00,096 - INFO - Successfully processed vulnerability: SSH Terrapin Prefix Truncation Weakness (CVE-2023-48795)
2025-04-17 15:47:00,097 - INFO - Processing row 33
2025-04-17 15:47:00,097 - INFO - Successfully processed vulnerability: SSH Terrapin Prefix Truncation Weakness (CVE-2023-48795)
2025-04-17 15:47:00,098 - INFO - Processing row 34
2025-04-17 15:47:00,098 - INFO - Successfully processed vulnerability: SSH Terrapin Prefix Truncation Weakness (CVE-2023-48795)
2025-04-17 15:47:00,099 - INFO - Processing row 35
2025-04-17 15:47:00,099 - INFO - Successfully processed vulnerability: SSH Terrapin Prefix Truncation Weakness (CVE-2023-48795)
2025-04-17 15:47:00,099 - INFO - Processing row 36
2025-04-17 15:47:00,100 - INFO - Successfully processed vulnerability: SSH Terrapin Prefix Truncation Weakness (CVE-2023-48795)
2025-04-17 15:47:00,101 - INFO - Found 5 unique vulnerabilities
2025-04-17 15:47:00,101 - INFO - Creating vulnerability summary table
2025-04-17 15:47:00,156 - INFO - Summary table created successfully
2025-04-17 15:47:00,157 - INFO - Creating table for vulnerability 1: SSL Certificate Cannot Be Trusted
2025-04-17 15:47:00,157 - INFO - Creating table with heading: 1. SSL Certificate Cannot Be Trusted
2025-04-17 15:47:00,225 - INFO - Table created successfully for heading: 1. SSL Certificate Cannot Be Trusted
2025-04-17 15:47:00,226 - INFO - Added new page for next vulnerability
2025-04-17 15:47:00,226 - INFO - Appending data for vulnerability VAS-01
2025-04-17 15:47:00,228 - INFO - Formatting affected resources table for 8 resources
2025-04-17 15:47:00,232 - INFO - Successfully formatted affected resources
2025-04-17 15:47:00,237 - INFO - Successfully appended data for vulnerability VAS-01
2025-04-17 15:47:00,237 - INFO - Creating table for vulnerability 2: SSL Self-Signed Certificate
2025-04-17 15:47:00,237 - INFO - Creating table with heading: 2. SSL Self-Signed Certificate
2025-04-17 15:47:00,298 - INFO - Table created successfully for heading: 2. SSL Self-Signed Certificate
2025-04-17 15:47:00,298 - INFO - Added new page for next vulnerability
2025-04-17 15:47:00,299 - INFO - Appending data for vulnerability VAS-02
2025-04-17 15:47:00,301 - INFO - Formatting affected resources table for 7 resources
2025-04-17 15:47:00,304 - INFO - Successfully formatted affected resources
2025-04-17 15:47:00,309 - INFO - Successfully appended data for vulnerability VAS-02
2025-04-17 15:47:00,309 - INFO - Creating table for vulnerability 3: TLS Version 1.1 Deprecated Protocol
2025-04-17 15:47:00,309 - INFO - Creating table with heading: 3. TLS Version 1.1 Deprecated Protocol
2025-04-17 15:47:00,409 - INFO - Table created successfully for heading: 3. TLS Version 1.1 Deprecated Protocol
2025-04-17 15:47:00,410 - INFO - Added new page for next vulnerability
2025-04-17 15:47:00,410 - INFO - Appending data for vulnerability VAS-03
2025-04-17 15:47:00,413 - INFO - Formatting affected resources table for 7 resources
2025-04-17 15:47:00,417 - INFO - Successfully formatted affected resources
2025-04-17 15:47:00,423 - INFO - Successfully appended data for vulnerability VAS-03
2025-04-17 15:47:00,423 - INFO - Creating table for vulnerability 4: Palo Alto Networks PAN-OS 10.2.x < 10.2.12 / 11.0.x < 11.0.6 / 11.1.x < 11.1.5 / 11.2.x < 11.2.4 Vulnerability
2025-04-17 15:47:00,424 - INFO - Creating table with heading: 4. Palo Alto Networks PAN-OS 10.2.x < 10.2.12 / 11.0.x < 11.0.6 / 11.1.x < 11.1.5 / 11.2.x < 11.2.4 Vulnerability
2025-04-17 15:47:00,490 - INFO - Table created successfully for heading: 4. Palo Alto Networks PAN-OS 10.2.x < 10.2.12 / 11.0.x < 11.0.6 / 11.1.x < 11.1.5 / 11.2.x < 11.2.4 Vulnerability
2025-04-17 15:47:00,491 - INFO - Added new page for next vulnerability
2025-04-17 15:47:00,491 - INFO - Appending data for vulnerability VAS-04
2025-04-17 15:47:00,494 - INFO - Formatting affected resources table for 7 resources
2025-04-17 15:47:00,497 - INFO - Successfully formatted affected resources
2025-04-17 15:47:00,501 - INFO - Successfully appended data for vulnerability VAS-04
2025-04-17 15:47:00,501 - INFO - Creating table for vulnerability 5: SSH Terrapin Prefix Truncation Weakness (CVE-2023-48795)
2025-04-17 15:47:00,502 - INFO - Creating table with heading: 5. SSH Terrapin Prefix Truncation Weakness (CVE-2023-48795)
2025-04-17 15:47:00,562 - INFO - Table created successfully for heading: 5. SSH Terrapin Prefix Truncation Weakness (CVE-2023-48795)
2025-04-17 15:47:00,562 - INFO - Appending data for vulnerability VAS-05
2025-04-17 15:47:00,564 - INFO - Formatting affected resources table for 7 resources
2025-04-17 15:47:00,570 - INFO - Successfully formatted affected resources
2025-04-17 15:47:00,576 - INFO - Successfully appended data for vulnerability VAS-05
2025-04-17 15:47:00,601 - INFO - Document saved successfully as 'output_document.docx'
2025-04-17 15:47:00,601 - INFO - Document creation process completed successfully
2025-04-17 15:47:00,601 - INFO - VA report generated successfully
2025-04-17 15:47:00,602 - INFO - Merging documents
2025-04-17 15:47:00,785 - INFO - Enforcing font settings from paragraph index 108
2025-04-17 15:47:01,248 - INFO - Documents merged successfully
2025-04-17 15:47:01,249 - INFO - Final report generated successfully
2025-04-17 15:47:01,272 - INFO - 127.0.0.1 - - [17/Apr/2025 15:47:01] "POST / HTTP/1.1" 200 -
2025-04-17 15:48:23,027 - INFO -  * Detected change in 'E:\\Report Automation Project - Copy\\script5.py', reloading
2025-04-17 15:48:23,061 - INFO -  * Detected change in 'E:\\Report Automation Project - Copy\\script5.py', reloading
