2025-03-26 12:57:54,531 - INFO - Starting web application
2025-03-26 12:57:54,630 - WARNING -  * Debugger is active!
2025-03-26 12:57:54,640 - INFO -  * Debugger PIN: 134-252-201
2025-03-26 12:59:18,796 - INFO - 127.0.0.1 - - [26/Mar/2025 12:59:18] "GET / HTTP/1.1" 200 -
2025-03-26 12:59:26,431 - INFO - File uploaded: dataset.csv
2025-03-26 12:59:26,438 - INFO - Validating CSV columns
2025-03-26 12:59:26,440 - INFO - All required columns found in CSV
2025-03-26 12:59:26,446 - INFO - Starting document creation process
2025-03-26 12:59:26,555 - INFO - Created new document
2025-03-26 12:59:26,556 - INFO - Setting document font to Helvetica, size 10.5
2025-03-26 12:59:26,587 - INFO - Document font set successfully
2025-03-26 12:59:26,688 - INFO - Added document title
2025-03-26 12:59:26,689 - INFO - Using CSV file: dataset.csv
2025-03-26 12:59:26,690 - INFO - Successfully opened CSV file
2025-03-26 12:59:26,696 - INFO - CSV header read successfully with 13 columns
2025-03-26 12:59:26,697 - INFO - Validating CSV columns
2025-03-26 12:59:26,699 - INFO - All required columns found in CSV
2025-03-26 12:59:26,700 - INFO - Successfully processed vulnerability: DNS Server Recursive Query Cache Poisoning Weakness
2025-03-26 12:59:26,701 - INFO - Successfully processed vulnerability: DNS Server Recursive Query Cache Poisoning Weakness
2025-03-26 12:59:26,702 - INFO - Found 1 unique vulnerabilities
2025-03-26 12:59:26,724 - INFO - Creating table for vulnerability 1: DNS Server Recursive Query Cache Poisoning Weakness
2025-03-26 12:59:26,727 - INFO - Creating table with heading: 1. DNS Server Recursive Query Cache Poisoning Weakness
2025-03-26 12:59:26,867 - INFO - Table created successfully for heading: 1. DNS Server Recursive Query Cache Poisoning Weakness
2025-03-26 12:59:26,900 - INFO - Appending data for vulnerability ABCXYZ-1
2025-03-26 12:59:26,912 - INFO - Formatting affected resources table for 2 resources
2025-03-26 12:59:26,916 - INFO - Successfully formatted affected resources
2025-03-26 12:59:26,923 - INFO - Successfully appended data for vulnerability ABCXYZ-1
2025-03-26 12:59:26,963 - INFO - Generated document saved as output_document.docx
2025-03-26 12:59:26,964 - INFO - Starting document merge process
2025-03-26 12:59:27,134 - INFO - Merged document saved successfully as 'vulnerability_report.docx'
2025-03-26 12:59:27,135 - INFO - Final document created at vulnerability_report.docx
2025-03-26 12:59:27,136 - INFO - Document generated successfully
2025-03-26 12:59:27,171 - INFO - 127.0.0.1 - - [26/Mar/2025 12:59:27] "POST / HTTP/1.1" 200 -
2025-03-26 13:00:36,157 - INFO -  * Detected change in 'E:\\Report Automation Project\\script5.py', reloading
